<?xml version="1.0" encoding="UTF-8"?>
<!-- Generated by org.testng.reporters.JUnitReportReporter -->
<testsuite skipped="0" hostname="SUBASH" name="com.ssj.EmiCal" tests="1" failures="0" timestamp="06 Mar 2019 14:19:01 GMT" time="52.254" errors="0">
  <testcase name="loginCrm" time="52.254" classname="com.ssj.EmiCal"/>
</testsuite> <!-- com.ssj.EmiCal -->
